# Copyright (c) 1997-2009 Nokia Corporation and/or its subsidiary(-ies).
# All rights reserved.
# This component and the accompanying materials are made available
# under the terms of "Eclipse Public License v1.0"
# which accompanies this distribution, and is available
# at the URL "http://www.eclipse.org/legal/epl-v10.html".
#
# Initial Contributors:
# Nokia Corporation - initial contribution.
#
# Contributors:
#
# Description:
#

component	app-framework_egul
source	\sf\mw\classicui\lafagnosticuifoundation\uigraphicsutils
binary	\sf\mw\classicui\lafagnosticuifoundation\uigraphicsutils\group	all
exports	\sf\mw\classicui\lafagnosticuifoundation\uigraphicsutils\group
notes_source	\component_defs\release.src


ipr D 
ipr T \sf\mw\classicui\lafagnosticuifoundation\uigraphicsutils\tef

